<?xml version="1.0" encoding="UTF-8"?>
<testng-results ignored="0" total="1" passed="1" failed="0" skipped="0">
  <reporter-output>
  </reporter-output>
  <suite started-at="2024-08-19T01:02:59 IST" name="Suite" finished-at="2024-08-19T01:02:59 IST" duration-ms="110">
    <groups>
      <group name="Smoke">
        <method signature="CommonScripts.commonScript()[pri:1, instance:org.cressanda.IFM.TestScripts.CommonScripts@d2de489]" name="commonScript" class="org.cressanda.IFM.TestScripts.CommonScripts"/>
      </group> <!-- Smoke -->
    </groups>
    <test started-at="2024-08-19T01:02:59 IST" name="Test" finished-at="2024-08-19T01:02:59 IST" duration-ms="110">
      <class name="org.cressanda.IFM.TestScripts.CommonScripts">
        <test-method signature="commonScript()[pri:1, instance:org.cressanda.IFM.TestScripts.CommonScripts@d2de489]" started-at="2024-08-19T01:02:59 IST" name="commonScript" finished-at="2024-08-19T01:02:59 IST" duration-ms="14" status="PASS">
          <reporter-output>
          </reporter-output>
        </test-method> <!-- commonScript -->
      </class> <!-- org.cressanda.IFM.TestScripts.CommonScripts -->
    </test> <!-- Test -->
  </suite> <!-- Suite -->
</testng-results>
